# JRE version: OpenJDK Runtime Environment (19.0.1+10) (build 19.0.1+10-21)
# Java VM: OpenJDK 64-Bit Server VM (19.0.1+10-21, mixed mode, emulated-client, sharing, tiered, compressed oops, compressed class ptrs, g1 gc, windows-amd64)
GC Precious Log:
 CardTable entry size: 512
 Card Set container configuration: InlinePtr #cards 5 size 8 Array Of Cards #cards 12 size 40 Howl #buckets 4 coarsen threshold 1843 Howl Bitmap #cards 512 size 80 coarsen threshold 460 Card regions per heap region 1 cards per card region 2048
 CPUs: 8 total, 8 available
 Memory: 8073M
 Large Page Support: Disabled
 NUMA Support: Disabled
 Compressed Oops: Enabled (32-bit)
 Heap Region Size: 1M
 Heap Min Capacity: 8M
 Heap Initial Capacity: 128M
 Heap Max Capacity: 2020M
 Pre-touch: Disabled
 Parallel Workers: 8
 Concurrent Workers: 2
 Concurrent Refinement Workers: 8
 Periodic GC: Disabled
Heap:
 garbage-first heap   total 68608K, used 48910K [0x0000000081c00000, 0x0000000100000000)
  region size 1024K, 32 young (32768K), 2 survivors (2048K)
 Metaspace       used 43223K, committed 43712K, reserved 1114112K
  class space    used 5797K, committed 6016K, reserved 1048576K
GC Heap History (16 events):
Event: 4.633 GC heap before
{Heap before GC invocations=0 (full 0):
 garbage-first heap   total 131072K, used 23552K [0x0000000081c00000, 0x0000000100000000)
  region size 1024K, 23 young (23552K), 0 survivors (0K)
 Metaspace       used 7647K, committed 7936K, reserved 1114112K
  class space    used 911K, committed 1024K, reserved 1048576K
}
Event: 4.641 GC heap after
{Heap after GC invocations=1 (full 0):
 garbage-first heap   total 131072K, used 7808K [0x0000000081c00000, 0x0000000100000000)
  region size 1024K, 3 young (3072K), 3 survivors (3072K)
 Metaspace       used 7647K, committed 7936K, reserved 1114112K
  class space    used 911K, committed 1024K, reserved 1048576K
}
Event: 5.659 GC heap before
{Heap before GC invocations=1 (full 0):
 garbage-first heap   total 131072K, used 34432K [0x0000000081c00000, 0x0000000100000000)
  region size 1024K, 29 young (29696K), 3 survivors (3072K)
 Metaspace       used 14124K, committed 14400K, reserved 1114112K
  class space    used 1783K, committed 1920K, reserved 1048576K
}
Event: 5.665 GC heap after
{Heap after GC invocations=2 (full 0):
 garbage-first heap   total 131072K, used 9836K [0x0000000081c00000, 0x0000000100000000)
  region size 1024K, 2 young (2048K), 2 survivors (2048K)
 Metaspace       used 14124K, committed 14400K, reserved 1114112K
  class space    used 1783K, committed 1920K, reserved 1048576K
}
Event: 7.919 GC heap before
{Heap before GC invocations=2 (full 0):
 garbage-first heap   total 131072K, used 57964K [0x0000000081c00000, 0x0000000100000000)
  region size 1024K, 51 young (52224K), 2 survivors (2048K)
 Metaspace       used 21201K, committed 21504K, reserved 1114112K
  class space    used 2731K, committed 2880K, reserved 1048576K
}
Event: 7.926 GC heap after
{Heap after GC invocations=3 (full 0):
 garbage-first heap   total 131072K, used 13563K [0x0000000081c00000, 0x0000000100000000)
  region size 1024K, 6 young (6144K), 6 survivors (6144K)
 Metaspace       used 21201K, committed 21504K, reserved 1114112K
  class space    used 2731K, committed 2880K, reserved 1048576K
}
Event: 8.670 GC heap before
{Heap before GC invocations=4 (full 0):
 garbage-first heap   total 51200K, used 38139K [0x0000000081c00000, 0x0000000100000000)
  region size 1024K, 30 young (30720K), 6 survivors (6144K)
 Metaspace       used 24738K, committed 25216K, reserved 1114112K
  class space    used 3298K, committed 3520K, reserved 1048576K
}
Event: 8.681 GC heap after
{Heap after GC invocations=5 (full 0):
 garbage-first heap   total 51200K, used 16117K [0x0000000081c00000, 0x0000000100000000)
  region size 1024K, 3 young (3072K), 3 survivors (3072K)
 Metaspace       used 24738K, committed 25216K, reserved 1114112K
  class space    used 3298K, committed 3520K, reserved 1048576K
}
Event: 8.731 GC heap before
{Heap before GC invocations=5 (full 0):
 garbage-first heap   total 51200K, used 17141K [0x0000000081c00000, 0x0000000100000000)
  region size 1024K, 4 young (4096K), 3 survivors (3072K)
 Metaspace       used 24951K, committed 25344K, reserved 1114112K
  class space    used 3310K, committed 3520K, reserved 1048576K
}
Event: 8.736 GC heap after
{Heap after GC invocations=6 (full 0):
 garbage-first heap   total 51200K, used 15831K [0x0000000081c00000, 0x0000000100000000)
  region size 1024K, 1 young (1024K), 1 survivors (1024K)
 Metaspace       used 24951K, committed 25344K, reserved 1114112K
  class space    used 3310K, committed 3520K, reserved 1048576K
}
Event: 9.217 GC heap before
{Heap before GC invocations=6 (full 0):
 garbage-first heap   total 51200K, used 34263K [0x0000000081c00000, 0x0000000100000000)
  region size 1024K, 20 young (20480K), 1 survivors (1024K)
 Metaspace       used 28053K, committed 28544K, reserved 1114112K
  class space    used 3745K, committed 3968K, reserved 1048576K
}
Event: 9.222 GC heap after
{Heap after GC invocations=7 (full 0):
 garbage-first heap   total 51200K, used 17320K [0x0000000081c00000, 0x0000000100000000)
  region size 1024K, 2 young (2048K), 2 survivors (2048K)
 Metaspace       used 28053K, committed 28544K, reserved 1114112K
  class space    used 3745K, committed 3968K, reserved 1048576K
}
Event: 9.919 GC heap before
{Heap before GC invocations=7 (full 0):
 garbage-first heap   total 51200K, used 35752K [0x0000000081c00000, 0x0000000100000000)
  region size 1024K, 21 young (21504K), 2 survivors (2048K)
 Metaspace       used 31871K, committed 32384K, reserved 1114112K
  class space    used 4280K, committed 4544K, reserved 1048576K
}
Event: 9.925 GC heap after
{Heap after GC invocations=8 (full 0):
 garbage-first heap   total 68608K, used 18623K [0x0000000081c00000, 0x0000000100000000)
  region size 1024K, 2 young (2048K), 2 survivors (2048K)
 Metaspace       used 31871K, committed 32384K, reserved 1114112K
  class space    used 4280K, committed 4544K, reserved 1048576K
}
Event: 10.565 GC heap before
{Heap before GC invocations=8 (full 0):
 garbage-first heap   total 68608K, used 31935K [0x0000000081c00000, 0x0000000100000000)
  region size 1024K, 16 young (16384K), 2 survivors (2048K)
 Metaspace       used 35492K, committed 35968K, reserved 1114112K
  class space    used 4816K, committed 5056K, reserved 1048576K
}
Event: 10.570 GC heap after
{Heap after GC invocations=9 (full 0):
 garbage-first heap   total 68608K, used 19214K [0x0000000081c00000, 0x0000000100000000)
  region size 1024K, 2 young (2048K), 2 survivors (2048K)
 Metaspace       used 35492K, committed 35968K, reserved 1114112K
  class space    used 4816K, committed 5056K, reserved 1048576K
}

